This is pdfTeX, Version 3.1415926-2.5-1.40.14 (TeX Live 2013/TeX Live for SUSE Linux) (format=pdflatex 2016.2.22)  6 MAY 2016 15:38
entering extended mode
 restricted \write18 enabled.
 %&-line parsing enabled.
**goist_mcmahon_ist597k.tex
(./goist_mcmahon_ist597k.tex
LaTeX2e <2011/06/27>
Babel <3.9f> and hyphenation patterns for 78 languages loaded.
(/usr/share/texmf/tex/latex/base/article.cls
Document Class: article 2007/10/19 v1.4h Standard LaTeX document class
(/usr/share/texmf/tex/latex/base/size12.clo
File: size12.clo 2007/10/19 v1.4h Standard LaTeX file (size option)
)
\c@part=\count79
\c@section=\count80
\c@subsection=\count81
\c@subsubsection=\count82
\c@paragraph=\count83
\c@subparagraph=\count84
\c@figure=\count85
\c@table=\count86
\abovecaptionskip=\skip41
\belowcaptionskip=\skip42
\bibindent=\dimen102
)
(/usr/share/texmf/tex/latex/preprint/fullpage.sty
Package: fullpage 1999/02/23 1.1 (PWD)
\FP@margin=\skip43
)
(/usr/share/texmf/tex/latex/natbib/natbib.sty
Package: natbib 2010/09/13 8.31b (PWD, AO)
\bibhang=\skip44
\bibsep=\skip45
LaTeX Info: Redefining \cite on input line 694.
\c@NAT@ctr=\count87
)
(/usr/share/texmf/tex/latex/amsmath/amsmath.sty
Package: amsmath 2013/01/14 v2.14 AMS math features
\@mathmargin=\skip46

For additional information on amsmath, use the `?' option.
(/usr/share/texmf/tex/latex/amsmath/amstext.sty
Package: amstext 2000/06/29 v2.01

(/usr/share/texmf/tex/latex/amsmath/amsgen.sty
File: amsgen.sty 1999/11/30 v2.0
\@emptytoks=\toks14
\ex@=\dimen103
))
(/usr/share/texmf/tex/latex/amsmath/amsbsy.sty
Package: amsbsy 1999/11/29 v1.2d
\pmbraise@=\dimen104
)
(/usr/share/texmf/tex/latex/amsmath/amsopn.sty
Package: amsopn 1999/12/14 v2.01 operator names
)
\inf@bad=\count88
LaTeX Info: Redefining \frac on input line 210.
\uproot@=\count89
\leftroot@=\count90
LaTeX Info: Redefining \overline on input line 306.
\classnum@=\count91
\DOTSCASE@=\count92
LaTeX Info: Redefining \ldots on input line 378.
LaTeX Info: Redefining \dots on input line 381.
LaTeX Info: Redefining \cdots on input line 466.
\Mathstrutbox@=\box26
\strutbox@=\box27
\big@size=\dimen105
LaTeX Font Info:    Redeclaring font encoding OML on input line 566.
LaTeX Font Info:    Redeclaring font encoding OMS on input line 567.
\macc@depth=\count93
\c@MaxMatrixCols=\count94
\dotsspace@=\muskip10
\c@parentequation=\count95
\dspbrk@lvl=\count96
\tag@help=\toks15
\row@=\count97
\column@=\count98
\maxfields@=\count99
\andhelp@=\toks16
\eqnshift@=\dimen106
\alignsep@=\dimen107
\tagshift@=\dimen108
\tagwidth@=\dimen109
\totwidth@=\dimen110
\lineht@=\dimen111
\@envbody=\toks17
\multlinegap=\skip47
\multlinetaggap=\skip48
\mathdisplay@stack=\toks18
LaTeX Info: Redefining \[ on input line 2665.
LaTeX Info: Redefining \] on input line 2666.
)
(/usr/share/texmf/tex/latex/setspace/setspace.sty
Package: setspace 2011/12/19 v6.7a set line spacing
)
(/usr/share/texmf/tex/latex/graphics/graphicx.sty
Package: graphicx 1999/02/16 v1.0f Enhanced LaTeX Graphics (DPC,SPQR)

(/usr/share/texmf/tex/latex/graphics/keyval.sty
Package: keyval 1999/03/16 v1.13 key=value parser (DPC)
\KV@toks@=\toks19
)
(/usr/share/texmf/tex/latex/graphics/graphics.sty
Package: graphics 2009/02/05 v1.0o Standard LaTeX Graphics (DPC,SPQR)

(/usr/share/texmf/tex/latex/graphics/trig.sty
Package: trig 1999/03/16 v1.09 sin cos tan (DPC)
)
(/usr/share/texmf/tex/latex/latexconfig/graphics.cfg
File: graphics.cfg 2010/04/23 v1.9 graphics configuration of TeX Live
)
Package graphics Info: Driver file: pdftex.def on input line 91.

(/usr/share/texmf/tex/latex/pdftex-def/pdftex.def
File: pdftex.def 2011/05/27 v0.06d Graphics/color for pdfTeX

(/usr/share/texmf/tex/generic/oberdiek/infwarerr.sty
Package: infwarerr 2010/04/08 v1.3 Providing info/warning/error messages (HO)
)
(/usr/share/texmf/tex/generic/oberdiek/ltxcmds.sty
Package: ltxcmds 2011/11/09 v1.22 LaTeX kernel commands for general use (HO)
)
\Gread@gobject=\count100
))
\Gin@req@height=\dimen112
\Gin@req@width=\dimen113
)
(/usr/share/texmf/tex/latex/wrapfig/wrapfig.sty
\wrapoverhang=\dimen114
\WF@size=\dimen115
\c@WF@wrappedlines=\count101
\WF@box=\box28
\WF@everypar=\toks20
Package: wrapfig 2003/01/31  v 3.6
)
(/usr/share/texmf/tex/latex/graphics/lscape.sty
Package: lscape 2000/10/22 v3.01 Landscape Pages (DPC)
)
(/usr/share/texmf/tex/latex/rotating/rotating.sty
Package: rotating 2009/03/28 v2.16a rotated objects in LaTeX

(/usr/share/texmf/tex/latex/base/ifthen.sty
Package: ifthen 2001/05/26 v1.1c Standard LaTeX ifthen package (DPC)
)
\c@r@tfl@t=\count102
\rotFPtop=\skip49
\rotFPbot=\skip50
\rot@float@box=\box29
\rot@mess@toks=\toks21
)
(/usr/share/texmf/tex/latex/oberdiek/epstopdf.sty
Package: epstopdf 2010/02/09 v2.5 Conversion with epstopdf on the fly (HO)

(/usr/share/texmf/tex/latex/oberdiek/epstopdf-base.sty
Package: epstopdf-base 2010/02/09 v2.5 Base part for package epstopdf

(/usr/share/texmf/tex/latex/oberdiek/grfext.sty
Package: grfext 2010/08/19 v1.1 Manage graphics extensions (HO)

(/usr/share/texmf/tex/generic/oberdiek/kvdefinekeys.sty
Package: kvdefinekeys 2011/04/07 v1.3 Define keys (HO)
))
(/usr/share/texmf/tex/latex/oberdiek/kvoptions.sty
Package: kvoptions 2011/06/30 v3.11 Key value format for package options (HO)

(/usr/share/texmf/tex/generic/oberdiek/kvsetkeys.sty
Package: kvsetkeys 2012/04/25 v1.16 Key value parser (HO)

(/usr/share/texmf/tex/generic/oberdiek/etexcmds.sty
Package: etexcmds 2011/02/16 v1.5 Avoid name clashes with e-TeX commands (HO)

(/usr/share/texmf/tex/generic/oberdiek/ifluatex.sty
Package: ifluatex 2010/03/01 v1.3 Provides the ifluatex switch (HO)
Package ifluatex Info: LuaTeX not detected.
)
Package etexcmds Info: Could not find \expanded.
(etexcmds)             That can mean that you are not using pdfTeX 1.50 or
(etexcmds)             that some package has redefined \expanded.
(etexcmds)             In the latter case, load this package earlier.
)))
(/usr/share/texmf/tex/generic/oberdiek/pdftexcmds.sty
Package: pdftexcmds 2011/11/29 v0.20 Utility functions of pdfTeX for LuaTeX (HO
)

(/usr/share/texmf/tex/generic/oberdiek/ifpdf.sty
Package: ifpdf 2011/01/30 v2.3 Provides the ifpdf switch (HO)
Package ifpdf Info: pdfTeX in PDF mode is detected.
)
Package pdftexcmds Info: LuaTeX not detected.
Package pdftexcmds Info: \pdf@primitive is available.
Package pdftexcmds Info: \pdf@ifprimitive is available.
Package pdftexcmds Info: \pdfdraftmode found.
)
Package grfext Info: Graphics extension search list:
(grfext)             [.png,.pdf,.jpg,.mps,.jpeg,.jbig2,.jb2,.PNG,.PDF,.JPG,.JPE
G,.JBIG2,.JB2,.eps]
(grfext)             \AppendGraphicsExtensions on input line 452.

(/usr/share/texmf/tex/latex/latexconfig/epstopdf-sys.cfg
File: epstopdf-sys.cfg 2010/07/13 v1.3 Configuration of (r)epstopdf for TeX Liv
e
)))
(./goist_mcmahon_ist597k.aux)
\openout1 = `goist_mcmahon_ist597k.aux'.

LaTeX Font Info:    Checking defaults for OML/cmm/m/it on input line 13.
LaTeX Font Info:    ... okay on input line 13.
LaTeX Font Info:    Checking defaults for T1/cmr/m/n on input line 13.
LaTeX Font Info:    ... okay on input line 13.
LaTeX Font Info:    Checking defaults for OT1/cmr/m/n on input line 13.
LaTeX Font Info:    ... okay on input line 13.
LaTeX Font Info:    Checking defaults for OMS/cmsy/m/n on input line 13.
LaTeX Font Info:    ... okay on input line 13.
LaTeX Font Info:    Checking defaults for OMX/cmex/m/n on input line 13.
LaTeX Font Info:    ... okay on input line 13.
LaTeX Font Info:    Checking defaults for U/cmr/m/n on input line 13.
LaTeX Font Info:    ... okay on input line 13.
 (/usr/share/texmf/tex/context/base/supp-pdf.mkii
[Loading MPS to PDF converter (version 2006.09.02).]
\scratchcounter=\count103
\scratchdimen=\dimen116
\scratchbox=\box30
\nofMPsegments=\count104
\nofMParguments=\count105
\everyMPshowfont=\toks22
\MPscratchCnt=\count106
\MPscratchDim=\dimen117
\MPnumerator=\count107
\makeMPintoPDFobject=\count108
\everyMPtoPDFconversion=\toks23
) [1

{/usr/share/texmf/fonts/map/pdftex/updmap/pdftex.map}] [2] [3] [4] [5]
<01a-538-classifier-comparison.pdf, id=29, 722.7pt x 216.81pt>
File: 01a-538-classifier-comparison.pdf Graphic file (type pdf)

<use 01a-538-classifier-comparison.pdf>
Package pdftex.def Info: 01a-538-classifier-comparison.pdf used on input line 6
9.
(pdftex.def)             Requested size: 722.69823pt x 216.80946pt.

Overfull \hbox (102.26822pt too wide) in paragraph at lines 69--70
[][] 
 []

<01b-no-hc-classifier-comparison.pdf, id=30, 722.7pt x 216.81pt>
File: 01b-no-hc-classifier-comparison.pdf Graphic file (type pdf)

<use 01b-no-hc-classifier-comparison.pdf>
Package pdftex.def Info: 01b-no-hc-classifier-comparison.pdf used on input line
 74.
(pdftex.def)             Requested size: 722.69823pt x 216.80946pt.

Overfull \hbox (102.26822pt too wide) in paragraph at lines 74--75
[][] 
 []

[6] [7 <./01a-538-classifier-comparison.pdf>] [8 <./01b-no-hc-classifier-compar
ison.pdf>] [9]
Overfull \hbox (104.52026pt too wide) in paragraph at lines 362--362
[]\OT1/cmtt/m/n/12 elo538.drop(['win_dum', 'X_iscopy', 'game_id', 'date_game', 
'ref_id1', 'ref_id2', 'ref_id3'],[] 
 []

[10]
Overfull \hbox (116.87027pt too wide) in paragraph at lines 362--362
[]\OT1/cmtt/m/n/12 precision = cross_validation.cross_val_score(clf_logit1, X_n
orm, y, cv=10, scoring='precision')[] 
 []

[11]
Overfull \hbox (18.07022pt too wide) in paragraph at lines 362--362
[]\OT1/cmtt/m/n/12 print("Precision: %0.3f (+/- %0.2f)" % (precision.mean(), pr
ecision.std() * 2))[] 
 []

[12]
Overfull \hbox (116.87027pt too wide) in paragraph at lines 362--362
[]\OT1/cmtt/m/n/12 precision = cross_validation.cross_val_score(classifier, X_n
orm, y, cv=10, scoring='precision')[] 
 []


Overfull \hbox (123.04527pt too wide) in paragraph at lines 362--362
[]\OT1/cmtt/m/n/12 #recall = cross_validation.cross_val_score(classifier, X, y,
 cv=10, scoring='recall', n_jobs=10)[] 
 []

[13]
Overfull \hbox (18.07022pt too wide) in paragraph at lines 362--362
[]\OT1/cmtt/m/n/12 print("Precision: %0.3f (+/- %0.2f)" % (precision.mean(), pr
ecision.std() * 2))[] 
 []

[14]
Overfull \hbox (116.87027pt too wide) in paragraph at lines 362--362
[]\OT1/cmtt/m/n/12 precision = cross_validation.cross_val_score(classifier, X_n
orm, y, cv=10, scoring='precision')[] 
 []

[15]
Overfull \hbox (18.07022pt too wide) in paragraph at lines 362--362
[]\OT1/cmtt/m/n/12 print("Precision: %0.3f (+/- %0.2f)" % (precision.mean(), pr
ecision.std() * 2))[] 
 []

[16]
Overfull \hbox (24.24522pt too wide) in paragraph at lines 362--362
[]\OT1/cmtt/m/n/12 classifier = AdaBoostClassifier(n_estimators=n, learning_rat
e=r, random_state=0)[] 
 []


Overfull \hbox (172.4453pt too wide) in paragraph at lines 362--362
[]\OT1/cmtt/m/n/12 print 'Fitting classifier with n_estimators=' + str(val_est)
 + ' & ' + ' learning rate=' + str(val_rate)[] 
 []


Overfull \hbox (5.72021pt too wide) in paragraph at lines 362--362
[]\OT1/cmtt/m/n/12 classifier = AdaBoostClassifier(n_estimators=val_est, learni
ng_rate=val_rate,[] 
 []


Overfull \hbox (116.87027pt too wide) in paragraph at lines 362--362
[]\OT1/cmtt/m/n/12 precision = cross_validation.cross_val_score(classifier, X_n
orm, y, cv=10, scoring='precision')[] 
 []

[17]
Overfull \hbox (18.07022pt too wide) in paragraph at lines 362--362
[]\OT1/cmtt/m/n/12 print("Precision: %0.3f (+/- %0.2f)" % (precision.mean(), pr
ecision.std() * 2))[] 
 []

[18]
Overfull \hbox (147.74529pt too wide) in paragraph at lines 362--362
[]\OT1/cmtt/m/n/12 print 'Fitting classifier with n_estimators=' + str(val_est)
 + ' and a max depth of ' + str(val_dep)[] 
 []


Overfull \hbox (18.07022pt too wide) in paragraph at lines 362--362
[]\OT1/cmtt/m/n/12 print("Precision: %0.3f (+/- %0.2f)" % (precision.mean(), pr
ecision.std() * 2))[] 
 []

[19] (./goist_mcmahon_ist597k.bbl) [20] (./goist_mcmahon_ist597k.aux) ) 
Here is how much of TeX's memory you used:
 2711 strings out of 493315
 35475 string characters out of 6145893
 99749 words of memory out of 5000000
 6122 multiletter control sequences out of 15000+600000
 10142 words of font info for 37 fonts, out of 8000000 for 9000
 957 hyphenation exceptions out of 8191
 42i,8n,23p,1433b,275s stack positions out of 5000i,500n,10000p,200000b,80000s
</usr/sh
are/texmf/fonts/type1/public/amsfonts/cm/cmbx12.pfb></usr/share/texmf/fonts/typ
e1/public/amsfonts/cm/cmex10.pfb></usr/share/texmf/fonts/type1/public/amsfonts/
cm/cmmi12.pfb></usr/share/texmf/fonts/type1/public/amsfonts/cm/cmmi6.pfb></usr/
share/texmf/fonts/type1/public/amsfonts/cm/cmmi8.pfb></usr/share/texmf/fonts/ty
pe1/public/amsfonts/cm/cmr12.pfb></usr/share/texmf/fonts/type1/public/amsfonts/
cm/cmr17.pfb></usr/share/texmf/fonts/type1/public/amsfonts/cm/cmr8.pfb></usr/sh
are/texmf/fonts/type1/public/amsfonts/cm/cmsy10.pfb></usr/share/texmf/fonts/typ
e1/public/amsfonts/cm/cmsy8.pfb></usr/share/texmf/fonts/type1/public/amsfonts/c
m/cmti12.pfb></usr/share/texmf/fonts/type1/public/amsfonts/cm/cmtt12.pfb>
Output written on goist_mcmahon_ist597k.pdf (20 pages, 171110 bytes).
PDF statistics:
 137 PDF objects out of 1000 (max. 8388607)
 98 compressed objects within 1 object stream
 0 named destinations out of 1000 (max. 500000)
 11 words of extra memory for PDF output out of 10000 (max. 10000000)

